<?xml version="1.0" encoding="UTF-8"?>
<testng-results ignored="0" total="1" passed="1" failed="0" skipped="0">
  <reporter-output>
  </reporter-output>
  <suite started-at="2020-10-18T15:46:27 CST" name="Test suite" finished-at="2020-10-18T15:46:56 CST" duration-ms="28143">
    <groups>
    </groups>
    <test started-at="2020-10-18T15:46:27 CST" name="Test case" finished-at="2020-10-18T15:46:56 CST" duration-ms="28143">
      <class name="Tests.MainPageTest">
        <test-method is-config="true" signature="setUp()[pri:0, instance:Tests.MainPageTest@24a35978]" started-at="2020-10-18T15:46:27 CST" name="setUp" finished-at="2020-10-18T15:46:39 CST" duration-ms="12035" status="PASS">
          <reporter-output>
          </reporter-output>
        </test-method> <!-- setUp -->
        <test-method signature="verifyPageHasLoaded()[pri:0, instance:Tests.MainPageTest@24a35978]" started-at="2020-10-18T15:46:39 CST" name="verifyPageHasLoaded" finished-at="2020-10-18T15:46:53 CST" duration-ms="13733" status="PASS">
          <reporter-output>
          </reporter-output>
        </test-method> <!-- verifyPageHasLoaded -->
        <test-method is-config="true" signature="tearDown()[pri:0, instance:Tests.MainPageTest@24a35978]" started-at="2020-10-18T15:46:53 CST" name="tearDown" finished-at="2020-10-18T15:46:56 CST" duration-ms="2355" status="PASS">
          <reporter-output>
          </reporter-output>
        </test-method> <!-- tearDown -->
      </class> <!-- Tests.MainPageTest -->
    </test> <!-- Test case -->
  </suite> <!-- Test suite -->
</testng-results>
